PLINK v1.90b6.21 64-bit (19 Oct 2020)
Options in effect:
  --bfile GWAS_QC_rm_ibd
  --extract GWAS_QC_rm_ibd.prune.in
  --out GWAS_QC_rm_ibd_LD_pca
  --pca 20
  --remove pca_LD_outliers.txt

Hostname: s05n16
Working directory: /faststorage/project/populationgenomics/students/delirra/GWAS
Start time: Tue May 16 11:04:12 2023

Random number seed: 1684227852
386644 MB RAM detected; reserving 193322 MB for main workspace.
1376653 variants loaded from .bim file.
1635 people (825 males, 734 females, 76 ambiguous) loaded from .fam.
Ambiguous sex IDs written to GWAS_QC_rm_ibd_LD_pca.nosex .
--extract: 143653 variants remaining.
--remove: 1633 people remaining.
Using up to 35 threads (change this with --threads).
Before main variant filters, 1633 founders and 0 nonfounders present.
Calculating allele frequencies... done.
Warning: 41232 het. haploid genotypes present (see GWAS_QC_rm_ibd_LD_pca.hh );
many commands treat these as missing.
Warning: Nonmissing nonmale Y chromosome genotype(s) present; many commands
treat these as missing.
Total genotyping rate in remaining samples is 0.650503.
143653 variants and 1633 people pass filters and QC.
Note: No phenotypes present.
Excluding 4891 variants on non-autosomes from relationship matrix calc.
Relationship matrix calculation complete.
--pca: Results saved to GWAS_QC_rm_ibd_LD_pca.eigenval and
GWAS_QC_rm_ibd_LD_pca.eigenvec .

End time: Tue May 16 11:04:41 2023
